<?xml version="1.0" encoding="UTF-8" ?>
<testsuite tests="24" failures="0" name="hr.fer.zemris.java.hw03.prob1.Prob1Test" time="0.006" errors="0" skipped="0">
  <properties>
[...]
</properties>
  <testcase classname="hr.fer.zemris.java.hw03.prob1.Prob1Test" name="testWordStartingWithEscape" time="0"/>
  <testcase classname="hr.fer.zemris.java.hw03.prob1.Prob1Test" name="testGetReturnsLastNextInExtended" time="0"/>
  <testcase classname="hr.fer.zemris.java.hw03.prob1.Prob1Test" name="testTwoWords" time="0"/>
  <testcase classname="hr.fer.zemris.java.hw03.prob1.Prob1Test" name="testEmpty" time="0"/>
  <testcase classname="hr.fer.zemris.java.hw03.prob1.Prob1Test" name="testSomeSymbols" time="0"/>
  <testcase classname="hr.fer.zemris.java.hw03.prob1.Prob1Test" name="testEmptyInExtended" time="0.001"/>
  <testcase classname="hr.fer.zemris.java.hw03.prob1.Prob1Test" name="testGetReturnsLastNext" time="0"/>
  <testcase classname="hr.fer.zemris.java.hw03.prob1.Prob1Test" name="testNoActualContent" time="0"/>
  <testcase classname="hr.fer.zemris.java.hw03.prob1.Prob1Test" name="testNoActualContentInExtended" time="0"/>
  <testcase classname="hr.fer.zemris.java.hw03.prob1.Prob1Test" name="testTooBigNumber" time="0"/>
  <testcase classname="hr.fer.zemris.java.hw03.prob1.Prob1Test" name="testRadAfterEOF" time="0"/>
  <testcase classname="hr.fer.zemris.java.hw03.prob1.Prob1Test" name="testCombinedInput" time="0"/>
  <testcase classname="hr.fer.zemris.java.hw03.prob1.Prob1Test" name="testWordWithManyEscapes" time="0"/>
  <testcase classname="hr.fer.zemris.java.hw03.prob1.Prob1Test" name="testSingleEscapedDigit" time="0.001"/>
  <testcase classname="hr.fer.zemris.java.hw03.prob1.Prob1Test" name="testInvalidEscape" time="0"/>
  <testcase classname="hr.fer.zemris.java.hw03.prob1.Prob1Test" name="testInvalidEscapeEnding" time="0"/>
  <testcase classname="hr.fer.zemris.java.hw03.prob1.Prob1Test" name="testMultipartInput" time="0"/>
  <testcase classname="hr.fer.zemris.java.hw03.prob1.Prob1Test" name="testRadAfterEOFInExtended" time="0"/>
  <testcase classname="hr.fer.zemris.java.hw03.prob1.Prob1Test" name="testNullInput" time="0.001"/>
  <testcase classname="hr.fer.zemris.java.hw03.prob1.Prob1Test" name="testNullState" time="0"/>
  <testcase classname="hr.fer.zemris.java.hw03.prob1.Prob1Test" name="testNotNull" time="0"/>
  <testcase classname="hr.fer.zemris.java.hw03.prob1.Prob1Test" name="testTwoNumbers" time="0.003"/>
  <testcase classname="hr.fer.zemris.java.hw03.prob1.Prob1Test" name="testWordWithManyEscapesAndNumbers" time="0"/>
  <testcase classname="hr.fer.zemris.java.hw03.prob1.Prob1Test" name="testNotNullInExtended" time="0"/>
</testsuite>