<?xml version="1.0" encoding="UTF-8" ?>
<testsuite tests="35" failures="0" name="hr.fer.zemris.java.hw03.Test" time="0.04" errors="0" skipped="0">
  <properties>
[...]
</properties>
  <testcase classname="hr.fer.zemris.java.hw03.Test" name="testLexerWrongVariable" time="0.007"/>
  <testcase classname="hr.fer.zemris.java.hw03.Test" name="testFromExample" time="0.014"/>
  <testcase classname="hr.fer.zemris.java.hw03.Test" name="testLexerFor" time="0.001"/>
  <testcase classname="hr.fer.zemris.java.hw03.Test" name="testParserForTooManyArguments2" time="0.001"/>
  <testcase classname="hr.fer.zemris.java.hw03.Test" name="testParserFor" time="0"/>
  <testcase classname="hr.fer.zemris.java.hw03.Test" name="testLexerTooBigNumbers" time="0.001"/>
  <testcase classname="hr.fer.zemris.java.hw03.Test" name="testParserUnkownTag" time="0.001"/>
  <testcase classname="hr.fer.zemris.java.hw03.Test" name="testLexerWrongNameVariable" time="0.005"/>
  <testcase classname="hr.fer.zemris.java.hw03.Test" name="testParserException" time="0"/>
  <testcase classname="hr.fer.zemris.java.hw03.Test" name="testParserForFunctionElement" time="0.001"/>
  <testcase classname="hr.fer.zemris.java.hw03.Test" name="testParserForWithoutEndTag" time="0"/>
  <testcase classname="hr.fer.zemris.java.hw03.Test" name="testEscapingLexer" time="0"/>
  <testcase classname="hr.fer.zemris.java.hw03.Test" name="testLexerWrongNameVariable2" time="0"/>
  <testcase classname="hr.fer.zemris.java.hw03.Test" name="testParserForTooManyArguments" time="0"/>
  <testcase classname="hr.fer.zemris.java.hw03.Test" name="testFromExample2" time="0.001"/>
  <testcase classname="hr.fer.zemris.java.hw03.Test" name="testParserForVariableName" time="0.001"/>
  <testcase classname="hr.fer.zemris.java.hw03.Test" name="testLexerNegativeNumbers" time="0"/>
  <testcase classname="hr.fer.zemris.java.hw03.Test" name="testParserForTooFewArguments2" time="0"/>
  <testcase classname="hr.fer.zemris.java.hw03.Test" name="testParserForTooFewArguments3" time="0.003"/>
  <testcase classname="hr.fer.zemris.java.hw03.Test" name="testParserForTooFewArguments" time="0"/>
  <testcase classname="hr.fer.zemris.java.hw03.Test" name="testLexer1" time="0.001"/>
  <testcase classname="hr.fer.zemris.java.hw03.Test" name="testLexer2" time="0"/>
  <testcase classname="hr.fer.zemris.java.hw03.Test" name="testLexer3" time="0.001"/>
  <testcase classname="hr.fer.zemris.java.hw03.Test" name="testLexer4" time="0"/>
  <testcase classname="hr.fer.zemris.java.hw03.Test" name="testLexer5" time="0"/>
  <testcase classname="hr.fer.zemris.java.hw03.Test" name="testLexer6" time="0"/>
  <testcase classname="hr.fer.zemris.java.hw03.Test" name="testFromExample3Parser" time="0"/>
  <testcase classname="hr.fer.zemris.java.hw03.Test" name="testFromExample3Lexer" time="0"/>
  <testcase classname="hr.fer.zemris.java.hw03.Test" name="testEscapingLexer2" time="0"/>
  <testcase classname="hr.fer.zemris.java.hw03.Test" name="testEscapingLexer3" time="0"/>
  <testcase classname="hr.fer.zemris.java.hw03.Test" name="testEscapingLexer4" time="0"/>
  <testcase classname="hr.fer.zemris.java.hw03.Test" name="testEscapingLexer5" time="0"/>
  <testcase classname="hr.fer.zemris.java.hw03.Test" name="testEscapingLexer6" time="0.002"/>
  <testcase classname="hr.fer.zemris.java.hw03.Test" name="testEscapingLexer7" time="0"/>
  <testcase classname="hr.fer.zemris.java.hw03.Test" name="testEscapingLexer8" time="0"/>
</testsuite>